Report service started on port 3000 ...!!
listening...
.
.

{"collection":"API-ObjOder","title":"Test Version: v2.2/api\nPassed - Pretest - Login","endpoint":"v2.2/api/users/token.json","method":"POST","error":"No Error","status":200,"description":"Flo"}
{"collection":"API-ObjOder","title":"Passed - Update Order - Update order 2 object with (objtype = 2)","endpoint":"v2.2/api/objorder/update","method":"PUT","error":"No Error","status":200,"description":"Update object order with objtype = 2 successful"}
{"collection":"API-ObjOder","title":"Failed - Update Order - Update order 2 object with invalid value inputted (objtype = 2) ","endpoint":"v2.2/api/objorder/update","method":"PUT","error":"status response failed","status":500,"description":"{\"status\":500,\"error\":\"Internal Server Error\"}"}
The CSV file was written successfully
{"collection":"API-ObjOder","title":"Passed - Update Order - Update object type = 1","endpoint":"v2.2/api/objorder/update","method":"PUT","error":"Cannot update object order with type = 1","status":200,"description":"{\"data\":[]}"}
{"collection":"API-ObjOder","title":"Passed - Update Order - Update without parameter objtype","endpoint":"v2.2/api/objorder/update","method":"PUT","error":"Cannot update without parameter objtype","status":200,"description":"{\"data\":[]}"}
{"collection":"API-ObjOder","title":"Passed - Update Order - Update without parameter obj_id","endpoint":"v2.2/api/objorder/update","method":"PUT","error":"Cannot update without parameter obj_id","status":200,"description":"{\"data\":[]}"}
{"collection":"API-ObjOder","title":"Passed - Update Order - Update without parameter required objtype and obj_id","endpoint":"v2.2/api/objorder/update","method":"PUT","error":"Cannot update without parameter required objtype and obj_id","status":200,"description":"{\"data\":[]}"}
{"collection":"API-ObjOder","title":"Passed - Update Order - 10 items","endpoint":"v2.2/api/objorder/update","method":"PUT","error":"No Error","status":200,"description":"Update object order 10 items successful"}
{"collection":"API-ObjOder","title":"Passed - Get Order - Get 3 item after updated","endpoint":"v2.2/api/objorder","method":"GET","error":"No Error","status":200,"description":"Get 3 item after updated successful"}
{"collection":"API-ObjOder","title":"Passed - Update Order - 2 items","endpoint":"v2.2/api/objorder/update","method":"PUT","error":"No Error","status":200,"description":"Update object order 2 items successful"}
{"collection":"API-ObjOder","title":"Passed - Get Order - Get a item newest after update","endpoint":"v2.2/api/objorder","method":"GET","error":"No Error","status":200,"description":"Get a item newest after update successful"}
{"collection":"API-ObjOder","title":"Passed - Get Order - Get All Items - objtype = 1 (URL)","endpoint":"v2.2/api/objorder","method":"GET","error":"No Error","status":200,"description":"Get all items object order objtype = 1 successful"}
{"collection":"API-ObjOder","title":"Passed - Get Order - Get All Items - objtype = 3 (KANBAN)","endpoint":"v2.2/api/objorder","method":"GET","error":"Response null data","status":200,"description":"{\"data\":[]}"}
{"collection":"API-ObjOder","title":"Passed - Get Order - Get All Items - objtype = 4 (CANVANS)","endpoint":"v2.2/api/objorder","method":"GET","error":"No Error","status":200,"description":"Get all items object order objtype = 4 successful"}
{"collection":"API-ObjOder","title":"Passed - Get Order - Get All Items","endpoint":"v2.2/api/objorder","method":"GET","error":"No Error","status":200,"description":"Get all items object order successful"}
{"collection":"API-ObjOder","title":"Passed - Search Object Order - with param obj_ids as type int","endpoint":"v2.2/api/objorder/search","method":"POST","error":"No Error","status":200,"description":"Search Object Order - with param obj_ids as type int successful"}
{"collection":"API-ObjOder","title":"Passed - Search Object Order - with param obj_type = 2 show an item","endpoint":"v2.2/api/objorder/search","method":"POST","error":"No Error","status":200,"description":"Search Object Order - with param obj_type = 2 show an item successful"}
{"collection":"API-ObjOder","title":"Passed - Search Object Order - with param obj_type = 2 with pItem = 5","endpoint":"v2.2/api/objorder/search","method":"POST","error":"No Error","status":200,"description":"Search Object Order - with param obj_type = 2 with pItem = 5 successful"}
{"collection":"API-ObjOder","title":"Passed - Search Object Order - with param obj_type = 2 with modifiedGTE","endpoint":"v2.2/api/objorder/search","method":"POST","error":"No Error","status":200,"description":"Search Object Order - with param obj_type = 2 with modifiedGTE successful"}
{"collection":"API-ObjOder","title":"Passed - Search Object Order - with param obj_type = 1 - URL","endpoint":"v2.2/api/objorder/search","method":"POST","error":"No Error","status":200,"description":"Search Object Order - with param obj_type = 1 - URL successful"}
{"collection":"API-ObjOder","title":"Passed - Search Object Order - with param obj_type = 2 - TODO","endpoint":"v2.2/api/objorder/search","method":"POST","error":"No Error","status":200,"description":"Search Object Order - with param obj_type = 2 - TODO successful"}
{"collection":"API-ObjOder","title":"Passed - Search Object Order - with param obj_type = 3 - KANBAN","endpoint":"v2.2/api/objorder/search","method":"POST","error":"Response null data","status":200,"description":"{\"data\":[]}"}
{"collection":"API-ObjOder","title":"Passed - Search Object Order - with param obj_type = 4 - CANVAS","endpoint":"v2.2/api/objorder/search","method":"POST","error":"No Error","status":200,"description":"Search Object Order - with param obj_type = 4 - CANVAS successful"}
{"collection":"API-ObjOder","title":"Passed - Search Object Order - with param obj_type as type String","endpoint":"v2.2/api/objorder/search","method":"POST","error":"No Error","status":200,"description":"Search Object Order - with param obj_type as type String successful"}
{"collection":"API-ObjOder","title":"Passed - Delete Order - Delete wrong id order","endpoint":"v2.2/api/objorder","method":"DELETE","error":"Cannot delete wrong id","status":200,"description":"{\"data\":[],\"data_error\":[{\"id\":\"123\",\"error\":11,\"description\":\"The item not found\"}]}"}
{"collection":"API-ObjOder","title":"Passed - Delete Order - Delete a id order","endpoint":"v2.2/api/objorder","method":"DELETE","error":"No Error","status":200,"description":"{\"data\":[{\"id\":\"255448\"}]}"}
{"collection":"API-ObjOder","title":"Passed - Get Order - Get All Items","endpoint":"v2.2/api/objorder","method":"GET","error":"No Error","status":200,"description":"Get all items object order successful"}
{"collection":"API-ObjOder","title":"Passed - Delete Order - Delete all id order","endpoint":"v2.2/api/objorder","method":"DELETE","error":"No Error","status":200,"description":"Delete all id order correctly."}
{"collection":"API-ObjOder","title":"Passed - Get Order - Get an item after deleted","endpoint":"v2.2/api/objorder","method":"GET","error":"No Error","status":200,"description":"Get an item after deleted successful"}
{"collection":"API-ObjOder","title":"Passed - Get Order - Get All 5 Items deleted","endpoint":"v2.2/api/objorder","method":"GET","error":"No Error","status":200,"description":"Get All 5 Items deleted successful"}
{"collection":"API-ObjOder","title":"Passed - Get Order - Get All 5 Items deleted - ModifiedGTE","endpoint":"v2.2/api/objorder","method":"GET","error":"No Error","status":200,"description":"Get Order - Get All 5 Items deleted - ModifiedGTE successful"}
